<?xml version="1.0" encoding="UTF-8"?>
<!-- Generated by org.testng.reporters.JUnitReportReporter -->
<testsuite skipped="0" hostname="Yogeshs-MBP" name="RestAssured_PromotionsAPI.Promotions_Validation" tests="5" failures="0" timestamp="2022-01-22T12:35:27 GST" time="2.210" errors="0">
  <testcase name="validateProgramType" time="0.978" classname="RestAssured_PromotionsAPI.Promotions_Validation"/>
  <system-out/>
  <testcase name="validateWithInvalidKey" time="0.882" classname="RestAssured_PromotionsAPI.Promotions_Validation"/>
  <system-out/>
  <testcase name="verifyGetPromotionDetails" time="0.180" classname="RestAssured_PromotionsAPI.Promotions_Validation"/>
  <system-out/>
  <testcase name="validateStatusCode" time="0.073" classname="RestAssured_PromotionsAPI.Promotions_Validation"/>
  <system-out/>
  <testcase name="validatePromotionIdIsString" time="0.097" classname="RestAssured_PromotionsAPI.Promotions_Validation"/>
  <system-out/>
</testsuite> <!-- RestAssured_PromotionsAPI.Promotions_Validation -->
